<?xml version="1.0" encoding="UTF-8"?>
<!-- Generated by org.testng.reporters.JUnitXMLReporter -->
<testsuite hostname="LAPTOP-G8R015TH" ignored="0" name="Default test" tests="4" failures="0" timestamp="2020-09-14T12:26:09 IST" time="0.087" errors="0">
  <testcase name="regular" time="0.013" classname="streamsTutorial.StreamPractice"/>
  <testcase name="streamCollect" time="0.005" classname="streamsTutorial.StreamPractice"/>
  <testcase name="streamFilter" time="0.008" classname="streamsTutorial.StreamPractice"/>
  <testcase name="streamMap" time="0.006" classname="streamsTutorial.StreamPractice"/>
</testsuite> <!-- Default test -->
