<?xml version="1.0" encoding="UTF-8"?>
<testng-results skipped="0" failed="0" ignored="0" total="4" passed="4">
  <reporter-output>
  </reporter-output>
  <suite name="Default suite" duration-ms="87" started-at="2020-09-14T12:26:09 IST" finished-at="2020-09-14T12:26:09 IST">
    <groups>
    </groups>
    <test name="Default test" duration-ms="87" started-at="2020-09-14T12:26:09 IST" finished-at="2020-09-14T12:26:09 IST">
      <class name="streamsTutorial.StreamPractice">
        <test-method status="PASS" signature="regular()[pri:0, instance:streamsTutorial.StreamPractice@66480dd7]" name="regular" duration-ms="13" started-at="2020-09-14T12:26:09 IST" finished-at="2020-09-14T12:26:09 IST">
          <reporter-output>
          </reporter-output>
        </test-method> <!-- regular -->
        <test-method status="PASS" signature="streamCollect()[pri:0, instance:streamsTutorial.StreamPractice@66480dd7]" name="streamCollect" duration-ms="5" started-at="2020-09-14T12:26:09 IST" finished-at="2020-09-14T12:26:09 IST">
          <reporter-output>
          </reporter-output>
        </test-method> <!-- streamCollect -->
        <test-method status="PASS" signature="streamFilter()[pri:0, instance:streamsTutorial.StreamPractice@66480dd7]" name="streamFilter" duration-ms="8" started-at="2020-09-14T12:26:09 IST" finished-at="2020-09-14T12:26:09 IST">
          <reporter-output>
          </reporter-output>
        </test-method> <!-- streamFilter -->
        <test-method status="PASS" signature="streamMap()[pri:0, instance:streamsTutorial.StreamPractice@66480dd7]" name="streamMap" duration-ms="6" started-at="2020-09-14T12:26:09 IST" finished-at="2020-09-14T12:26:09 IST">
          <reporter-output>
          </reporter-output>
        </test-method> <!-- streamMap -->
      </class> <!-- streamsTutorial.StreamPractice -->
    </test> <!-- Default test -->
  </suite> <!-- Default suite -->
</testng-results>
